<?xml version="1.0" encoding="UTF-8"?>
<!-- Generated by org.testng.reporters.JUnitReportReporter -->
<testsuite skipped="0" hostname="LAPTOP-VBCSKIIA" name="test.CalculatorPage" tests="1" failures="0" timestamp="2021-04-12T10:38:40 IST" time="78.720" errors="0">
  <testcase name="calculation" time="78.720" classname="test.CalculatorPage"/>
  <system-out/>
</testsuite> <!-- test.CalculatorPage -->
